  [1m[36m (10.5ms)[0m  [1mCREATE TABLE "schema_migrations" ("version" character varying NOT NULL) [0m
  [1m[35m (5.2ms)[0m  CREATE UNIQUE INDEX  "unique_schema_migrations" ON "schema_migrations"  ("version")
  [1m[36mActiveRecord::SchemaMigration Load (0.2ms)[0m  [1mSELECT "schema_migrations".* FROM "schema_migrations"[0m
Migrating to CreateUsers (20160718090658)
  [1m[35m (0.1ms)[0m  BEGIN
  [1m[36m (11.1ms)[0m  [1mCREATE TABLE "users" ("id" serial primary key, "created_at" timestamp NOT NULL, "updated_at" timestamp NOT NULL, "email" character varying NOT NULL, "encrypted_password" character varying(128) NOT NULL, "confirmation_token" character varying(128), "remember_token" character varying(128) NOT NULL) [0m
  [1m[35m (5.3ms)[0m  CREATE  INDEX  "index_users_on_email" ON "users"  ("email")
  [1m[36m (4.8ms)[0m  [1mCREATE  INDEX  "index_users_on_remember_token" ON "users"  ("remember_token")[0m
  [1m[35mSQL (2.4ms)[0m  INSERT INTO "schema_migrations" ("version") VALUES ($1)  [["version", "20160718090658"]]
  [1m[36m (3.4ms)[0m  [1mCOMMIT[0m
  [1m[35mActiveRecord::SchemaMigration Load (0.5ms)[0m  SELECT "schema_migrations".* FROM "schema_migrations"
  [1m[36m (1.9ms)[0m  [1mSELECT t2.oid::regclass::text AS to_table, a1.attname AS column, a2.attname AS primary_key, c.conname AS name, c.confupdtype AS on_update, c.confdeltype AS on_delete
FROM pg_constraint c
JOIN pg_class t1 ON c.conrelid = t1.oid
JOIN pg_class t2 ON c.confrelid = t2.oid
JOIN pg_attribute a1 ON a1.attnum = c.conkey[1] AND a1.attrelid = t1.oid
JOIN pg_attribute a2 ON a2.attnum = c.confkey[1] AND a2.attrelid = t2.oid
JOIN pg_namespace t3 ON c.connamespace = t3.oid
WHERE c.contype = 'f'
  AND t1.relname = 'users'
  AND t3.nspname = ANY (current_schemas(false))
ORDER BY c.conname
[0m


Started GET "/" for 127.0.0.1 at 2016-07-18 17:08:33 +0800
  [1m[36mActiveRecord::SchemaMigration Load (2.6ms)[0m  [1mSELECT "schema_migrations".* FROM "schema_migrations"[0m
Processing by Rails::WelcomeController#index as HTML
  Rendered /home/nextacademy/.rvm/gems/ruby-2.3.1/gems/railties-4.2.6/lib/rails/templates/rails/welcome/index.html.erb (9.8ms)
Completed 200 OK in 37ms (Views: 26.7ms | ActiveRecord: 0.0ms)


Started GET "/adsad" for 127.0.0.1 at 2016-07-18 17:08:36 +0800

ActionController::RoutingError (No route matches [GET] "/adsad"):
  actionpack (4.2.6) lib/action_dispatch/middleware/debug_exceptions.rb:21:in `call'
  web-console (2.3.0) lib/web_console/middleware.rb:28:in `block in call'
  web-console (2.3.0) lib/web_console/middleware.rb:18:in `catch'
  web-console (2.3.0) lib/web_console/middleware.rb:18:in `call'
  actionpack (4.2.6) lib/action_dispatch/middleware/show_exceptions.rb:30:in `call'
  railties (4.2.6) lib/rails/rack/logger.rb:38:in `call_app'
  railties (4.2.6) lib/rails/rack/logger.rb:20:in `block in call'
  activesupport (4.2.6) lib/active_support/tagged_logging.rb:68:in `block in tagged'
  activesupport (4.2.6) lib/active_support/tagged_logging.rb:26:in `tagged'
  activesupport (4.2.6) lib/active_support/tagged_logging.rb:68:in `tagged'
  railties (4.2.6) lib/rails/rack/logger.rb:20:in `call'
  actionpack (4.2.6) lib/action_dispatch/middleware/request_id.rb:21:in `call'
  rack (1.6.4) lib/rack/methodoverride.rb:22:in `call'
  rack (1.6.4) lib/rack/runtime.rb:18:in `call'
  activesupport (4.2.6) lib/active_support/cache/strategy/local_cache_middleware.rb:28:in `call'
  rack (1.6.4) lib/rack/lock.rb:17:in `call'
  actionpack (4.2.6) lib/action_dispatch/middleware/static.rb:120:in `call'
  rack (1.6.4) lib/rack/sendfile.rb:113:in `call'
  railties (4.2.6) lib/rails/engine.rb:518:in `call'
  railties (4.2.6) lib/rails/application.rb:165:in `call'
  rack (1.6.4) lib/rack/lock.rb:17:in `call'
  rack (1.6.4) lib/rack/content_length.rb:15:in `call'
  rack (1.6.4) lib/rack/handler/webrick.rb:88:in `service'
  /home/nextacademy/.rvm/rubies/ruby-2.3.1/lib/ruby/2.3.0/webrick/httpserver.rb:140:in `service'
  /home/nextacademy/.rvm/rubies/ruby-2.3.1/lib/ruby/2.3.0/webrick/httpserver.rb:96:in `run'
  /home/nextacademy/.rvm/rubies/ruby-2.3.1/lib/ruby/2.3.0/webrick/server.rb:296:in `block in start_thread'


  Rendered /home/nextacademy/.rvm/gems/ruby-2.3.1/gems/actionpack-4.2.6/lib/action_dispatch/middleware/templates/rescues/_trace.html.erb (5.2ms)
  Rendered /home/nextacademy/.rvm/gems/ruby-2.3.1/gems/actionpack-4.2.6/lib/action_dispatch/middleware/templates/routes/_route.html.erb (0.9ms)
  Rendered /home/nextacademy/.rvm/gems/ruby-2.3.1/gems/actionpack-4.2.6/lib/action_dispatch/middleware/templates/routes/_table.html.erb (8.7ms)
  Rendered /home/nextacademy/.rvm/gems/ruby-2.3.1/gems/actionpack-4.2.6/lib/action_dispatch/middleware/templates/rescues/_request_and_response.html.erb (1.2ms)
  Rendered /home/nextacademy/.rvm/gems/ruby-2.3.1/gems/actionpack-4.2.6/lib/action_dispatch/middleware/templates/rescues/routing_error.html.erb within rescues/layout (72.9ms)
  Rendered /home/nextacademy/.rvm/gems/ruby-2.3.1/gems/web-console-2.3.0/lib/web_console/templates/_markup.html.erb (0.4ms)
  Rendered /home/nextacademy/.rvm/gems/ruby-2.3.1/gems/web-console-2.3.0/lib/web_console/templates/_inner_console_markup.html.erb within layouts/inlined_string (0.3ms)
  Rendered /home/nextacademy/.rvm/gems/ruby-2.3.1/gems/web-console-2.3.0/lib/web_console/templates/_prompt_box_markup.html.erb within layouts/inlined_string (0.2ms)
  Rendered /home/nextacademy/.rvm/gems/ruby-2.3.1/gems/web-console-2.3.0/lib/web_console/templates/style.css.erb within layouts/inlined_string (0.3ms)
  Rendered /home/nextacademy/.rvm/gems/ruby-2.3.1/gems/web-console-2.3.0/lib/web_console/templates/console.js.erb within layouts/javascript (34.6ms)
  Rendered /home/nextacademy/.rvm/gems/ruby-2.3.1/gems/web-console-2.3.0/lib/web_console/templates/main.js.erb within layouts/javascript (0.2ms)
  Rendered /home/nextacademy/.rvm/gems/ruby-2.3.1/gems/web-console-2.3.0/lib/web_console/templates/error_page.js.erb within layouts/javascript (0.3ms)
  Rendered /home/nextacademy/.rvm/gems/ruby-2.3.1/gems/web-console-2.3.0/lib/web_console/templates/index.html.erb (63.2ms)


Started GET "/sign_in" for 127.0.0.1 at 2016-07-18 17:08:49 +0800
Processing by Clearance::SessionsController#new as HTML
  [1m[35mUser Load (2.4ms)[0m  SELECT  "users".* FROM "users" WHERE "users"."remember_token" = $1  ORDER BY "users"."id" ASC LIMIT 1  [["remember_token", "cfe12dd84f51779141a8fa967239c2f6814568d3"]]
  Rendered sessions/_form.html.erb (5.4ms)
  Rendered sessions/new.html.erb within layouts/application (13.4ms)
  [1m[36mCACHE (0.0ms)[0m  [1mSELECT  "users".* FROM "users" WHERE "users"."remember_token" = $1  ORDER BY "users"."id" ASC LIMIT 1[0m  [["remember_token", "cfe12dd84f51779141a8fa967239c2f6814568d3"]]
Completed 200 OK in 870ms (Views: 835.9ms | ActiveRecord: 6.0ms)


Started GET "/" for 127.0.0.1 at 2016-07-18 17:09:51 +0800

ActionController::RoutingError (uninitialized constant UsersController):
  activesupport (4.2.6) lib/active_support/inflector/methods.rb:261:in `const_get'
  activesupport (4.2.6) lib/active_support/inflector/methods.rb:261:in `block in constantize'
  activesupport (4.2.6) lib/active_support/inflector/methods.rb:259:in `each'
  activesupport (4.2.6) lib/active_support/inflector/methods.rb:259:in `inject'
  activesupport (4.2.6) lib/active_support/inflector/methods.rb:259:in `constantize'
  actionpack (4.2.6) lib/action_dispatch/routing/route_set.rb:70:in `controller_reference'
  actionpack (4.2.6) lib/action_dispatch/routing/route_set.rb:60:in `controller'
  actionpack (4.2.6) lib/action_dispatch/routing/route_set.rb:39:in `serve'
  actionpack (4.2.6) lib/action_dispatch/journey/router.rb:43:in `block in serve'
  actionpack (4.2.6) lib/action_dispatch/journey/router.rb:30:in `each'
  actionpack (4.2.6) lib/action_dispatch/journey/router.rb:30:in `serve'
  actionpack (4.2.6) lib/action_dispatch/routing/route_set.rb:817:in `call'
  clearance (1.14.1) lib/clearance/rack_session.rb:23:in `call'
  rack (1.6.4) lib/rack/etag.rb:24:in `call'
  rack (1.6.4) lib/rack/conditionalget.rb:25:in `call'
  rack (1.6.4) lib/rack/head.rb:13:in `call'
  actionpack (4.2.6) lib/action_dispatch/middleware/params_parser.rb:27:in `call'
  actionpack (4.2.6) lib/action_dispatch/middleware/flash.rb:260:in `call'
  rack (1.6.4) lib/rack/session/abstract/id.rb:225:in `context'
  rack (1.6.4) lib/rack/session/abstract/id.rb:220:in `call'
  actionpack (4.2.6) lib/action_dispatch/middleware/cookies.rb:560:in `call'
  activerecord (4.2.6) lib/active_record/query_cache.rb:36:in `call'
  activerecord (4.2.6) lib/active_record/connection_adapters/abstract/connection_pool.rb:653:in `call'
  activerecord (4.2.6) lib/active_record/migration.rb:377:in `call'
  actionpack (4.2.6) lib/action_dispatch/middleware/callbacks.rb:29:in `block in call'
  activesupport (4.2.6) lib/active_support/callbacks.rb:88:in `__run_callbacks__'
  activesupport (4.2.6) lib/active_support/callbacks.rb:778:in `_run_call_callbacks'
  activesupport (4.2.6) lib/active_support/callbacks.rb:81:in `run_callbacks'
  actionpack (4.2.6) lib/action_dispatch/middleware/callbacks.rb:27:in `call'
  actionpack (4.2.6) lib/action_dispatch/middleware/reloader.rb:73:in `call'
  actionpack (4.2.6) lib/action_dispatch/middleware/remote_ip.rb:78:in `call'
  actionpack (4.2.6) lib/action_dispatch/middleware/debug_exceptions.rb:17:in `call'
  web-console (2.3.0) lib/web_console/middleware.rb:28:in `block in call'
  web-console (2.3.0) lib/web_console/middleware.rb:18:in `catch'
  web-console (2.3.0) lib/web_console/middleware.rb:18:in `call'
  actionpack (4.2.6) lib/action_dispatch/middleware/show_exceptions.rb:30:in `call'
  railties (4.2.6) lib/rails/rack/logger.rb:38:in `call_app'
  railties (4.2.6) lib/rails/rack/logger.rb:20:in `block in call'
  activesupport (4.2.6) lib/active_support/tagged_logging.rb:68:in `block in tagged'
  activesupport (4.2.6) lib/active_support/tagged_logging.rb:26:in `tagged'
  activesupport (4.2.6) lib/active_support/tagged_logging.rb:68:in `tagged'
  railties (4.2.6) lib/rails/rack/logger.rb:20:in `call'
  actionpack (4.2.6) lib/action_dispatch/middleware/request_id.rb:21:in `call'
  rack (1.6.4) lib/rack/methodoverride.rb:22:in `call'
  rack (1.6.4) lib/rack/runtime.rb:18:in `call'
  activesupport (4.2.6) lib/active_support/cache/strategy/local_cache_middleware.rb:28:in `call'
  rack (1.6.4) lib/rack/lock.rb:17:in `call'
  actionpack (4.2.6) lib/action_dispatch/middleware/static.rb:120:in `call'
  rack (1.6.4) lib/rack/sendfile.rb:113:in `call'
  railties (4.2.6) lib/rails/engine.rb:518:in `call'
  railties (4.2.6) lib/rails/application.rb:165:in `call'
  rack (1.6.4) lib/rack/lock.rb:17:in `call'
  rack (1.6.4) lib/rack/content_length.rb:15:in `call'
  rack (1.6.4) lib/rack/handler/webrick.rb:88:in `service'
  /home/nextacademy/.rvm/rubies/ruby-2.3.1/lib/ruby/2.3.0/webrick/httpserver.rb:140:in `service'
  /home/nextacademy/.rvm/rubies/ruby-2.3.1/lib/ruby/2.3.0/webrick/httpserver.rb:96:in `run'
  /home/nextacademy/.rvm/rubies/ruby-2.3.1/lib/ruby/2.3.0/webrick/server.rb:296:in `block in start_thread'


  Rendered /home/nextacademy/.rvm/gems/ruby-2.3.1/gems/actionpack-4.2.6/lib/action_dispatch/middleware/templates/rescues/_trace.html.erb (8.0ms)
  Rendered /home/nextacademy/.rvm/gems/ruby-2.3.1/gems/actionpack-4.2.6/lib/action_dispatch/middleware/templates/routes/_route.html.erb (1.4ms)
  Rendered /home/nextacademy/.rvm/gems/ruby-2.3.1/gems/actionpack-4.2.6/lib/action_dispatch/middleware/templates/routes/_table.html.erb (2.1ms)
  Rendered /home/nextacademy/.rvm/gems/ruby-2.3.1/gems/actionpack-4.2.6/lib/action_dispatch/middleware/templates/rescues/_request_and_response.html.erb (8.0ms)
  Rendered /home/nextacademy/.rvm/gems/ruby-2.3.1/gems/actionpack-4.2.6/lib/action_dispatch/middleware/templates/rescues/routing_error.html.erb within rescues/layout (68.1ms)
  Rendered /home/nextacademy/.rvm/gems/ruby-2.3.1/gems/web-console-2.3.0/lib/web_console/templates/_markup.html.erb (0.4ms)
  Rendered /home/nextacademy/.rvm/gems/ruby-2.3.1/gems/web-console-2.3.0/lib/web_console/templates/_inner_console_markup.html.erb within layouts/inlined_string (2.9ms)
  Rendered /home/nextacademy/.rvm/gems/ruby-2.3.1/gems/web-console-2.3.0/lib/web_console/templates/_prompt_box_markup.html.erb within layouts/inlined_string (0.3ms)
  Rendered /home/nextacademy/.rvm/gems/ruby-2.3.1/gems/web-console-2.3.0/lib/web_console/templates/style.css.erb within layouts/inlined_string (0.2ms)
  Rendered /home/nextacademy/.rvm/gems/ruby-2.3.1/gems/web-console-2.3.0/lib/web_console/templates/console.js.erb within layouts/javascript (29.4ms)
  Rendered /home/nextacademy/.rvm/gems/ruby-2.3.1/gems/web-console-2.3.0/lib/web_console/templates/main.js.erb within layouts/javascript (0.2ms)
  Rendered /home/nextacademy/.rvm/gems/ruby-2.3.1/gems/web-console-2.3.0/lib/web_console/templates/error_page.js.erb within layouts/javascript (0.3ms)
  Rendered /home/nextacademy/.rvm/gems/ruby-2.3.1/gems/web-console-2.3.0/lib/web_console/templates/index.html.erb (68.8ms)


Started GET "/" for 127.0.0.1 at 2016-07-18 17:10:27 +0800
  [1m[36mActiveRecord::SchemaMigration Load (2.8ms)[0m  [1mSELECT "schema_migrations".* FROM "schema_migrations"[0m
Processing by UsersController#homepage as HTML
  Rendered users/homepage.html.erb within layouts/application (1.1ms)
  [1m[35mUser Load (0.3ms)[0m  SELECT  "users".* FROM "users" WHERE "users"."remember_token" = $1  ORDER BY "users"."id" ASC LIMIT 1  [["remember_token", "cfe12dd84f51779141a8fa967239c2f6814568d3"]]
Completed 200 OK in 1255ms (Views: 1230.0ms | ActiveRecord: 7.4ms)


Started GET "/sign_in" for 127.0.0.1 at 2016-07-18 17:10:30 +0800
Processing by Clearance::SessionsController#new as HTML
  [1m[36mUser Load (1.6ms)[0m  [1mSELECT  "users".* FROM "users" WHERE "users"."remember_token" = $1  ORDER BY "users"."id" ASC LIMIT 1[0m  [["remember_token", "cfe12dd84f51779141a8fa967239c2f6814568d3"]]
  Rendered sessions/_form.html.erb (17.4ms)
  Rendered sessions/new.html.erb within layouts/application (36.0ms)
  [1m[35mCACHE (0.0ms)[0m  SELECT  "users".* FROM "users" WHERE "users"."remember_token" = $1  ORDER BY "users"."id" ASC LIMIT 1  [["remember_token", "cfe12dd84f51779141a8fa967239c2f6814568d3"]]
Completed 200 OK in 87ms (Views: 82.8ms | ActiveRecord: 1.6ms)


Started GET "/sign_up" for 127.0.0.1 at 2016-07-18 17:10:33 +0800
Processing by Clearance::UsersController#new as HTML
  [1m[36mUser Load (4.2ms)[0m  [1mSELECT  "users".* FROM "users" WHERE "users"."remember_token" = $1  ORDER BY "users"."id" ASC LIMIT 1[0m  [["remember_token", "cfe12dd84f51779141a8fa967239c2f6814568d3"]]
  Rendered users/_form.html.erb (10.2ms)
  Rendered users/new.html.erb within layouts/application (12.2ms)
  [1m[35mCACHE (0.0ms)[0m  SELECT  "users".* FROM "users" WHERE "users"."remember_token" = $1  ORDER BY "users"."id" ASC LIMIT 1  [["remember_token", "cfe12dd84f51779141a8fa967239c2f6814568d3"]]
Completed 200 OK in 68ms (Views: 56.8ms | ActiveRecord: 4.2ms)


Started POST "/users" for 127.0.0.1 at 2016-07-18 17:10:39 +0800
Processing by Clearance::UsersController#create as HTML
  Parameters: {"utf8"=>"✓", "authenticity_token"=>"[FILTERED]", "user"=>{"email"=>"qwe@hotmail.com", "password"=>"[FILTERED]"}, "commit"=>"Sign up"}
  [1m[36mUser Load (1.6ms)[0m  [1mSELECT  "users".* FROM "users" WHERE "users"."remember_token" = $1  ORDER BY "users"."id" ASC LIMIT 1[0m  [["remember_token", "cfe12dd84f51779141a8fa967239c2f6814568d3"]]
  [1m[35m (0.1ms)[0m  BEGIN
  [1m[36mUser Exists (4.3ms)[0m  [1mSELECT  1 AS one FROM "users" WHERE "users"."email" = 'qwe@hotmail.com' LIMIT 1[0m
  [1m[35mSQL (0.9ms)[0m  INSERT INTO "users" ("email", "encrypted_password", "created_at", "updated_at", "remember_token") VALUES ($1, $2, $3, $4, $5) RETURNING "id"  [["email", "qwe@hotmail.com"], ["encrypted_password", "$2a$10$9FyRbX0gl4WqHqaGnNtj/Opk/1noYGUrlopDZSRx0ke6OswuVowMe"], ["created_at", "2016-07-18 09:10:40.039816"], ["updated_at", "2016-07-18 09:10:40.039816"], ["remember_token", "a3d61596ba7b0f4576b6a4a64f665dddcba7bb55"]]
  [1m[36m (2.5ms)[0m  [1mCOMMIT[0m
Redirected to http://localhost:3000/
Completed 302 Found in 171ms (ActiveRecord: 9.5ms)


Started GET "/" for 127.0.0.1 at 2016-07-18 17:10:40 +0800
Processing by UsersController#homepage as HTML
  Rendered users/homepage.html.erb within layouts/application (0.1ms)
  [1m[35mUser Load (8.1ms)[0m  SELECT  "users".* FROM "users" WHERE "users"."remember_token" = $1  ORDER BY "users"."id" ASC LIMIT 1  [["remember_token", "a3d61596ba7b0f4576b6a4a64f665dddcba7bb55"]]
Completed 200 OK in 52ms (Views: 43.9ms | ActiveRecord: 8.1ms)


Started DELETE "/sign_out" for 127.0.0.1 at 2016-07-18 17:10:43 +0800
Processing by Clearance::SessionsController#destroy as HTML
  Parameters: {"authenticity_token"=>"[FILTERED]"}
  [1m[36mUser Load (3.1ms)[0m  [1mSELECT  "users".* FROM "users" WHERE "users"."remember_token" = $1  ORDER BY "users"."id" ASC LIMIT 1[0m  [["remember_token", "a3d61596ba7b0f4576b6a4a64f665dddcba7bb55"]]
  [1m[35m (0.1ms)[0m  BEGIN
  [1m[36mSQL (0.2ms)[0m  [1mUPDATE "users" SET "remember_token" = $1, "updated_at" = $2 WHERE "users"."id" = $3[0m  [["remember_token", "44108c3aa7203633cc6247fb7ee93fa9df4240a1"], ["updated_at", "2016-07-18 09:10:43.566690"], ["id", 1]]
  [1m[35m (2.0ms)[0m  COMMIT
Redirected to http://localhost:3000/sign_in
Completed 302 Found in 13ms (ActiveRecord: 5.4ms)


Started GET "/sign_in" for 127.0.0.1 at 2016-07-18 17:10:43 +0800
Processing by Clearance::SessionsController#new as HTML
  Rendered sessions/_form.html.erb (1.0ms)
  Rendered sessions/new.html.erb within layouts/application (6.2ms)
Completed 200 OK in 47ms (Views: 46.8ms | ActiveRecord: 0.0ms)


Started GET "/" for 127.0.0.1 at 2016-07-18 17:10:47 +0800
Processing by UsersController#homepage as HTML
  Rendered users/homepage.html.erb within layouts/application (0.0ms)
Completed 200 OK in 26ms (Views: 25.1ms | ActiveRecord: 0.0ms)
